1402524058.571157 10457955us tsft bad-fcs 1.0 Mb/s 2412 MHz 11b -77dB signal antenna 0 BSSID:e1:cf:ed:ce:c2:69 (oui Unknown) DA:ff:ff:ff:ff:ff:7f (oui Unknown) SA:e1:cf:ed:ce:c2:69 (oui Unknown) Probe Request ()[|802.11]
1402524118.266232 71279690us tsft bad-fcs 1.0 Mb/s 2412 MHz 11b -81dB signal antenna 0 BSSID:c2:9f:db:9d:85:d3 (oui Unknown) DA:fe:ff:ff:ff:ff:ff (oui Unknown) SA:c2:9f:db:9d:85:d3 (oui Unknown) Probe Request[|802.11]
1402524363.775337 315867075us tsft bad-fcs 1.0 Mb/s 2412 MHz 11b -71dB signal antenna 0 BSSID:e3:cf:ed:ce:c2:69 (oui Unknown) DA:ff:ff:ff:ff:ff:7f (oui Unknown) SA:e3:cf:ed:ce:c2:69 (oui Unknown) Probe Response, PRIVACY[|802.11]
1402524635.039011 587060123us tsft bad-fcs 1.0 Mb/s 2412 MHz 11b -76dB signal antenna 0 BSSID:f2:16:ed:ce:c2:69 (oui Unknown) DA:ff:ff:a0:bb:fd:ff (oui Unknown) SA:c6:9f:db:9d:95:4b (oui Unknown) Probe Response, PRIVACY[|802.11]
1402524798.729276 750747131us tsft bad-fcs 1.0 Mb/s 2412 MHz 11b -77dB signal antenna 0 BSSID:41:d9:ed:0e:ae:69 (oui Unknown) DA:da:ff:ff:fd:68:11 (oui Unknown) SA:e1:3f:df:9d:49:91 (oui Unknown) Probe Request[|802.11]
1402524823.510611 775528019us tsft bad-fcs 1.0 Mb/s 2412 MHz 11b -82dB signal antenna 0 BSSID:c2:9f:db:9d:85:d3 (oui Unknown) DA:fe:ff:ff:ff:ff:ff (oui Unknown) SA:c2:9f:db:9d:85:d3 (oui Unknown) Probe Request[|802.11]
1402524983.565406 935579798us tsft bad-fcs 1.0 Mb/s 2412 MHz 11b -79dB signal antenna 0 BSSID:e1:cf:ed:ce:c2:69 (oui Unknown) DA:ff:ff:ff:ff:ff:7f (oui Unknown) SA:e1:cf:ed:ce:c2:69 (oui Unknown) Probe Request (AM-BEK)[|802.11]
1402525105.219208 1057198669us tsft bad-fcs 1.0 Mb/s 2412 MHz 11b -80dB signal antenna 0 BSSID:e1:cf:ed:ce:c2:69 (oui Unknown) DA:00:00:00:20:30:01 (oui Ethernet) SA:2a:ea:ed:ce:c2:69 (oui Unknown) Probe Request[|802.11]
1402525182.840187 1134818151us tsft bad-fcs 1.0 Mb/s 2412 MHz 11b -80dB signal antenna 0 BSSID:e1:cf:ed:ce:c2:69 (oui Unknown) DA:c5:a0:54:a6:d4:7e (oui Unknown) SA:e1:cf:ed:ce:c2:69 (oui Unknown) Probe Request ()[|802.11]
1402525384.879824 1336854078us tsft bad-fcs 1.0 Mb/s 2412 MHz 11b -79dB signal antenna 0 BSSID:d1:31:de:29:c7:69 (oui Unknown) DA:db:ff:df:ed:ff:7f (oui Unknown) SA:30:ab:c9:ce:e2:ea (oui Unknown) Probe Request[|802.11]
1402525554.355555 1506326690us tsft bad-fcs 1.0 Mb/s 2412 MHz 11b -77dB signal antenna 0 BSSID:e1:cf:ed:ce:c2:69 (oui Unknown) DA:ff:ff:ff:ff:ff:7f (oui Unknown) SA:e1:cf:ed:ce:c2:69 (oui Unknown) Probe Request[|802.11]
1402525653.173804 1605143046us tsft bad-fcs 1.0 Mb/s 2412 MHz 11b -79dB signal antenna 0 BSSID:e0:cf:4f:33:11:d3 (oui Unknown) DA:8e:29:e9:ff:ff:7f (oui Unknown) SA:e1:c7:75:9d:58:c9 (oui Unknown) Probe Request[|802.11]
1402525753.118339 1705085806us tsft bad-fcs 1.0 Mb/s 2412 MHz 11b -81dB signal antenna 0 BSSID:c2:9f:db:9d:85:d3 (oui Unknown) DA:Broadcast SA:c2:9f:db:9d:85:d3 (oui Unknown) Probe Request ()[|802.11]
1402525826.489218 1778488439us tsft bad-fcs 1.0 Mb/s 2412 MHz 11b -76dB signal antenna 0 BSSID:e3:cf:ed:ce:c2:69 (oui Unknown) DA:62:0b:b3:a3:93:7f (oui Unknown) SA:e3:cf:ed:8a:c0:69 (oui Unknown) Probe Request[|802.11]
1402525827.462362 1779428473us tsft bad-fcs 1.0 Mb/s 2412 MHz 11b -77dB signal antenna 0 BSSID:e1:bb:de:9d:94:df (oui Unknown) DA:00:40:d5:28:ff:7f (oui Unknown) SA:8a:9f:5b:d5:af:e8 (oui Unknown) Probe Request[|802.11]
1402525965.603027 1917566570us tsft bad-fcs 1.0 Mb/s 2412 MHz 11b -81dB signal antenna 0 BSSID:c2:9f:db:9d:85:d3 (oui Unknown) DA:fe:ff:ff:ff:ff:ff (oui Unknown) SA:c2:9f:db:9d:85:d3 (oui Unknown) Probe Request ()[|802.11]
1402526217.512621 2169471479us tsft bad-fcs 1.0 Mb/s 2412 MHz 11b -77dB signal antenna 0 BSSID:c2:9f:db:9d:85:d3 (oui Unknown) DA:fe:ff:ff:ff:ff:ff (oui Unknown) SA:c2:9f:db:9d:85:d3 (oui Unknown) Probe Request (M-,^B)[|802.11]
1402526220.175088 2172625409us tsft bad-fcs 1.0 Mb/s 2412 MHz 11b -79dB signal antenna 0 BSSID:e1:4c:f7:ce:c2:69 (oui Unknown) DA:ff:ff:ff:ff:bf:5b (oui Unknown) SA:30:63:e9:ce:c2:69 (oui Unknown) Probe Request ()[|802.11]
1402526304.042511 2255999791us tsft bad-fcs 1.0 Mb/s 2412 MHz 11b -76dB signal antenna 0 BSSID:c2:ff:a9:ee:54:ea (oui Unknown) DA:82:fd:ff:ff:ff:ff (oui Unknown) SA:c2:1f:a8:10:81:d3 (oui Unknown) Probe Request[|802.11]
1402526375.570161 2327559216us tsft bad-fcs 1.0 Mb/s 2412 MHz 11b -76dB signal antenna 0 BSSID:e3:cf:ed:ce:c2:69 (oui Unknown) DA:ff:ff:ff:ff:ff:7f (oui Unknown) SA:e3:cf:ed:ce:c2:69 (oui Unknown) Probe Request[|802.11]
1402526454.061860 2406016330us tsft bad-fcs 1.0 Mb/s 2412 MHz 11b -77dB signal antenna 0 BSSID:c2:9f:db:9d:85:d3 (oui Unknown) DA:05:78:fc:ff:ff:ff (oui Unknown) SA:c2:9f:db:9d:85:d3 (oui Unknown) Probe Response () [1.0* 2.0* 5.5* 11.0* 6.0 9.0 12.0 18.0 Mbit] CH: 11, PRIVACY[|802.11]
1402526877.495146 2829441856us tsft bad-fcs 1.0 Mb/s 2412 MHz 11b -78dB signal antenna 0 BSSID:e9:77:d8:9d:14:d3 (oui Unknown) DA:00:00:00:00:00:00 (oui Ethernet) SA:aa:62:c4:9d:69:12 (oui Unknown) Probe Request ()[|802.11]
1402527037.140297 2989084030us tsft bad-fcs 1.0 Mb/s 2412 MHz 11b -76dB signal antenna 0 BSSID:c2:9f:db:9d:85:d3 (oui Unknown) DA:fe:ff:ff:ff:ff:ff (oui Unknown) SA:c2:9f:db:9d:85:d3 (oui Unknown) Probe Request ()[|802.11]
1402527282.598564 3234570483us tsft bad-fcs 1.0 Mb/s 2412 MHz 11b -78dB signal antenna 0 BSSID:85:3f:b7:3b:0b:a7 (oui Unknown) DA:fe:ff:ff:ff:ff:ff (oui Unknown) SA:16:cc:c9:aa:0b:a7 (oui Unknown) Probe Request[|802.11]
1402527359.195376 3311133191us tsft bad-fcs 1.0 Mb/s 2412 MHz 11b -82dB signal antenna 0 BSSID:c2:9f:db:9d:85:d3 (oui Unknown) DA:ff:ff:ff:ff:ff:7f (oui Unknown) SA:1b:9f:db:9d:85:d3 (oui Unknown) Probe Request[|802.11]
1402527362.984232 3314922004us tsft bad-fcs 1.0 Mb/s 2412 MHz 11b -78dB signal antenna 0 BSSID:c2:9f:db:9d:85:d3 (oui Unknown) DA:fe:ff:ff:ff:ff:ff (oui Unknown) SA:c2:9f:db:9d:85:d3 (oui Unknown) Probe Request ()[|802.11]
1402527529.387980 3481322604us tsft bad-fcs 1.0 Mb/s 2412 MHz 11b -78dB signal antenna 0 BSSID:c2:9f:db:9d:85:d3 (oui Unknown) DA:fe:ff:ff:ff:ff:ff (oui Unknown) SA:c2:9f:db:9d:85:d3 (oui Unknown) Probe Request[|802.11]
1402527607.827953 3559762653us tsft 1.0 Mb/s 2412 MHz 11b -29dB signal antenna 0 BSSID:Broadcast DA:Broadcast SA:60:a4:4c:66:00:99 (oui Unknown) Probe Request (a1) [1.0 2.0 5.5 11.0 Mbit]
1402527607.836353 3559771062us tsft 1.0 Mb/s 2412 MHz 11b -27dB signal antenna 0 BSSID:Broadcast DA:Broadcast SA:60:a4:4c:66:00:99 (oui Unknown) Probe Request (a1) [1.0 2.0 5.5 11.0 Mbit]
1402527607.847823 3559782444us tsft 1.0 Mb/s 2412 MHz 11b -30dB signal antenna 0 BSSID:Broadcast DA:Broadcast SA:60:a4:4c:66:00:99 (oui Unknown) Probe Request (a1) [1.0 2.0 5.5 11.0 Mbit]
1402527607.856337 3559889371us tsft 1.0 Mb/s 2412 MHz 11b -32dB signal antenna 0 BSSID:Broadcast DA:Broadcast SA:60:a4:4c:66:00:99 (oui Unknown) Probe Request (a1) [1.0 2.0 5.5 11.0 Mbit]
1402527608.246453 3560410448us tsft 1.0 Mb/s 2412 MHz 11b -27dB signal antenna 0 BSSID:Broadcast DA:Broadcast SA:60:a4:4c:66:00:99 (oui Unknown) Probe Request (a1) [1.0 2.0 5.5 11.0 Mbit]
1402527608.257699 3560421808us tsft 1.0 Mb/s 2412 MHz 11b -31dB signal antenna 0 BSSID:Broadcast DA:Broadcast SA:60:a4:4c:66:00:99 (oui Unknown) Probe Request (a1) [1.0 2.0 5.5 11.0 Mbit]
1402527608.266514 3560430438us tsft 1.0 Mb/s 2412 MHz 11b -32dB signal antenna 0 BSSID:Broadcast DA:Broadcast SA:60:a4:4c:66:00:99 (oui Unknown) Probe Request (a1) [1.0 2.0 5.5 11.0 Mbit]
1402527608.649936 3560682878us tsft 1.0 Mb/s 2412 MHz 11b -28dB signal antenna 0 BSSID:Broadcast DA:Broadcast SA:60:a4:4c:66:00:99 (oui Unknown) Probe Request (a1) [1.0 2.0 5.5 11.0 Mbit]
1402527608.656467 3560689380us tsft 1.0 Mb/s 2412 MHz 11b -28dB signal antenna 0 BSSID:Broadcast DA:Broadcast SA:60:a4:4c:66:00:99 (oui Unknown) Probe Request (a1) [1.0 2.0 5.5 11.0 Mbit]
1402527608.667827 3560700747us tsft 1.0 Mb/s 2412 MHz 11b -30dB signal antenna 0 BSSID:Broadcast DA:Broadcast SA:60:a4:4c:66:00:99 (oui Unknown) Probe Request (a1) [1.0 2.0 5.5 11.0 Mbit]
1402527608.676457 3560611060us tsft 1.0 Mb/s 2412 MHz 11b -31dB signal antenna 0 BSSID:Broadcast DA:Broadcast SA:60:a4:4c:66:00:99 (oui Unknown) Probe Request (a1) [1.0 2.0 5.5 11.0 Mbit]

